{"/workspaces/PresenSee-Backend/src/services/authService.js": {"path":"/workspaces/PresenSee-Backend/src/services/authService.js","statementMap":{"0":{"start":{"line":4,"column":4},"end":{"line":6,"column":5}},"1":{"start":{"line":5,"column":8},"end":{"line":5,"column":59}},"2":{"start":{"line":7,"column":4},"end":{"line":9,"column":5}},"3":{"start":{"line":8,"column":8},"end":{"line":8,"column":43}},"4":{"start":{"line":10,"column":4},"end":{"line":10,"column":16}},"5":{"start":{"line":13,"column":0},"end":{"line":15,"column":2}}},"fnMap":{"0":{"name":"validarCamposLogin","decl":{"start":{"line":3,"column":9},"end":{"line":3,"column":27}},"loc":{"start":{"line":3,"column":42},"end":{"line":11,"column":1}},"line":3}},"branchMap":{"0":{"loc":{"start":{"line":4,"column":4},"end":{"line":6,"column":5}},"type":"if","locations":[{"start":{"line":4,"column":4},"end":{"line":6,"column":5}},{"start":{},"end":{}}],"line":4},"1":{"loc":{"start":{"line":4,"column":8},"end":{"line":4,"column":24}},"type":"binary-expr","locations":[{"start":{"line":4,"column":8},"end":{"line":4,"column":14}},{"start":{"line":4,"column":18},"end":{"line":4,"column":24}}],"line":4},"2":{"loc":{"start":{"line":7,"column":4},"end":{"line":9,"column":5}},"type":"if","locations":[{"start":{"line":7,"column":4},"end":{"line":9,"column":5}},{"start":{},"end":{}}],"line":7}},"s":{"0":4,"1":2,"2":2,"3":1,"4":1,"5":1},"f":{"0":4},"b":{"0":[2,2],"1":[4,3],"2":[1,1]},"_coverageSchema":"1a1c01bbd47fc00a2c39e90264f33305004495a9","hash":"d295e9f9b30337cbf2762d5729781f816da41ba6"}
,"/workspaces/PresenSee-Backend/src/services/frequenciaService.js": {"path":"/workspaces/PresenSee-Backend/src/services/frequenciaService.js","statementMap":{"0":{"start":{"line":4,"column":4},"end":{"line":4,"column":35}},"1":{"start":{"line":4,"column":26},"end":{"line":4,"column":35}},"2":{"start":{"line":5,"column":4},"end":{"line":5,"column":39}},"3":{"start":{"line":9,"column":4},"end":{"line":9,"column":47}},"4":{"start":{"line":9,"column":32},"end":{"line":9,"column":47}},"5":{"start":{"line":10,"column":4},"end":{"line":10,"column":49}},"6":{"start":{"line":10,"column":32},"end":{"line":10,"column":49}},"7":{"start":{"line":11,"column":4},"end":{"line":11,"column":20}},"8":{"start":{"line":15,"column":4},"end":{"line":15,"column":35}},"9":{"start":{"line":18,"column":0},"end":{"line":22,"column":2}}},"fnMap":{"0":{"name":"calcularPercentual","decl":{"start":{"line":3,"column":9},"end":{"line":3,"column":27}},"loc":{"start":{"line":3,"column":48},"end":{"line":6,"column":1}},"line":3},"1":{"name":"verificarRiscoEvasao","decl":{"start":{"line":8,"column":9},"end":{"line":8,"column":29}},"loc":{"start":{"line":8,"column":48},"end":{"line":12,"column":1}},"line":8},"2":{"name":"verificarFaltasConsecutivas","decl":{"start":{"line":14,"column":9},"end":{"line":14,"column":36}},"loc":{"start":{"line":14,"column":57},"end":{"line":16,"column":1}},"line":14}},"branchMap":{"0":{"loc":{"start":{"line":4,"column":4},"end":{"line":4,"column":35}},"type":"if","locations":[{"start":{"line":4,"column":4},"end":{"line":4,"column":35}},{"start":{},"end":{}}],"line":4},"1":{"loc":{"start":{"line":9,"column":4},"end":{"line":9,"column":47}},"type":"if","locations":[{"start":{"line":9,"column":4},"end":{"line":9,"column":47}},{"start":{},"end":{}}],"line":9},"2":{"loc":{"start":{"line":10,"column":4},"end":{"line":10,"column":49}},"type":"if","locations":[{"start":{"line":10,"column":4},"end":{"line":10,"column":49}},{"start":{},"end":{}}],"line":10}},"s":{"0":2,"1":1,"2":1,"3":3,"4":1,"5":2,"6":1,"7":1,"8":2,"9":1},"f":{"0":2,"1":3,"2":2},"b":{"0":[1,1],"1":[1,2],"2":[1,1]},"_coverageSchema":"1a1c01bbd47fc00a2c39e90264f33305004495a9","hash":"9413b31378c08a70cb6567583c08b048b727dad4"}
}
