TN:
SF:src/services/authService.js
FN:3,validarCamposLogin
FNF:1
FNH:1
FNDA:4,validarCamposLogin
DA:4,4
DA:5,2
DA:7,2
DA:8,1
DA:10,1
DA:13,1
LF:6
LH:6
BRDA:4,0,0,2
BRDA:4,0,1,2
BRDA:4,1,0,4
BRDA:4,1,1,3
BRDA:7,2,0,1
BRDA:7,2,1,1
BRF:6
BRH:6
end_of_record
TN:
SF:src/services/frequenciaService.js
FN:3,calcularPercentual
FN:8,verificarRiscoEvasao
FN:14,verificarFaltasConsecutivas
FNF:3
FNH:3
FNDA:2,calcularPercentual
FNDA:3,verificarRiscoEvasao
FNDA:2,verificarFaltasConsecutivas
DA:4,2
DA:5,1
DA:9,3
DA:10,2
DA:11,1
DA:15,2
DA:18,1
LF:7
LH:7
BRDA:4,0,0,1
BRDA:4,0,1,1
BRDA:9,1,0,1
BRDA:9,1,1,2
BRDA:10,2,0,1
BRDA:10,2,1,1
BRF:6
BRH:6
end_of_record
